<?xml version="1.0" encoding="UTF-8"?>
<!-- Generated by org.testng.reporters.JUnitReportReporter -->
<testsuite skipped="0" hostname="md2et9mc" name="org.selenium.sample.test1" tests="1" failures="0" timestamp="2020-07-02T10:02:19 IST" time="2.323" errors="0">
  <testcase name="Test1" time="2.323" classname="org.selenium.sample.test1"/>
  <system-out/>
</testsuite> <!-- org.selenium.sample.test1 -->
