<?xml version="1.0" encoding="UTF-8"?>
<!-- Generated by org.testng.reporters.JUnitReportReporter -->
<testsuite skipped="0" hostname="md2et9mc" name="org.selenium.sample.Links" tests="1" failures="0" timestamp="2020-07-04T13:18:00 IST" time="16.110" errors="0">
  <testcase name="Test1" time="16.110" classname="org.selenium.sample.Links"/>
  <system-out/>
</testsuite> <!-- org.selenium.sample.Links -->
