<?xml version="1.0" encoding="UTF-8"?>
<!-- Generated by org.testng.reporters.JUnitReportReporter -->
<testsuite skipped="0" hostname="md2et9mc" name="org.selenium.sample.Irctc" tests="1" failures="0" timestamp="2020-07-05T14:47:05 IST" time="9.002" errors="0">
  <testcase name="TestLoginPage" time="9.002" classname="org.selenium.sample.Irctc"/>
  <system-out/>
</testsuite> <!-- org.selenium.sample.Irctc -->
