<?xml version="1.0" encoding="UTF-8"?>
<!-- Generated by org.testng.reporters.JUnitReportReporter -->
<testsuite skipped="0" hostname="md2et9mc" name="org.selenium.sample.LinkTest" tests="1" failures="0" timestamp="2020-07-09T09:14:20 IST" time="2.802" errors="0">
  <testcase name="Test1" time="2.802" classname="org.selenium.sample.LinkTest"/>
  <system-out/>
</testsuite> <!-- org.selenium.sample.LinkTest -->
