<?xml version="1.0" encoding="UTF-8"?>
<!-- Generated by org.testng.reporters.JUnitReportReporter -->
<testsuite skipped="0" hostname="md2et9mc" name="Testc.paramtrs" tests="1" failures="0" timestamp="2020-07-11T21:46:17 IST" time="0.011" errors="0">
  <testcase name="a" time="0.011" classname="Testc.paramtrs"/>
  <system-out/>
</testsuite> <!-- Testc.paramtrs -->
