<?xml version="1.0" encoding="UTF-8"?>
<!-- Generated by org.testng.reporters.JUnitReportReporter -->
<testsuite skipped="0" hostname="md2et9mc" name="org.selenium.sample.ExtentreportTestClass" tests="1" failures="0" timestamp="2020-07-02T17:56:50 IST" time="7.075" errors="0">
  <testcase name="test1" time="7.075" classname="org.selenium.sample.ExtentreportTestClass"/>
  <system-out/>
</testsuite> <!-- org.selenium.sample.ExtentreportTestClass -->
